<?xml version="1.0" encoding="UTF-8"?>
<testsuite xmlns:xsi="http://www.w3.org/2001/XMLSchema-instance" xsi:noNamespaceSchemaLocation="https://maven.apache.org/surefire/maven-surefire-plugin/xsd/surefire-test-report.xsd" name="TestSuite" time="39.41" tests="1" errors="0" skipped="0" failures="1">
  <properties>
[...]
</properties>
  <testcase name="feature" classname="TestRunner" time="33.106">
    <failure message="org.openqa.selenium.NoSuchElementException: Unable to locate element: /html/body/div[2]/main/div/div/div/div[2]/div/div[1]/h2&#10;For documentation on this error, please visit: http://seleniumhq.org/exceptions/no_such_element.html&#10;Build info: version: &apos;3.11.0&apos;, revision: &apos;e59cfb3&apos;, time: &apos;2018-03-11T20:26:55.152Z&apos;&#10;System info: host: &apos;OJO-PC&apos;, ip: &apos;192.168.43.249&apos;, os.name: &apos;Windows 7&apos;, os.arch: &apos;amd64&apos;, os.version: &apos;6.1&apos;, java.version: &apos;1.8.0_171&apos;&#10;Driver info: org.openqa.selenium.firefox.FirefoxDriver&#10;Capabilities {acceptInsecureCerts: true, browserName: firefox, browserVersion: 61.0.1, javascriptEnabled: true, moz:accessibilityChecks: false, moz:headless: false, moz:processID: 6544, moz:profile: C:\Users\OJO\AppData\Local\..., moz:useNonSpecCompliantPointerOrigin: false, moz:webdriverClick: true, pageLoadStrategy: normal, platform: XP, platformName: XP, platformVersion: 6.1, rotatable: false, timeouts: {implicit: 0, pageLoad: 300000, script: 30000}}&#10;Session ID: b4b2c297-d85c-46bd-9e50-e4e1cb1e3972&#10;*** Element info: {Using=xpath, value=/html/body/div[2]/main/div/div/div/div[2]/div/div[1]/h2}" type="cucumber.runtime.CucumberException">cucumber.runtime.CucumberException: 
org.openqa.selenium.NoSuchElementException: Unable to locate element: /html/body/div[2]/main/div/div/div/div[2]/div/div[1]/h2
For documentation on this error, please visit: http://seleniumhq.org/exceptions/no_such_element.html
Build info: version: '3.11.0', revision: 'e59cfb3', time: '2018-03-11T20:26:55.152Z'
System info: host: 'OJO-PC', ip: '192.168.43.249', os.name: 'Windows 7', os.arch: 'amd64', os.version: '6.1', java.version: '1.8.0_171'
Driver info: org.openqa.selenium.firefox.FirefoxDriver
Capabilities {acceptInsecureCerts: true, browserName: firefox, browserVersion: 61.0.1, javascriptEnabled: true, moz:accessibilityChecks: false, moz:headless: false, moz:processID: 6544, moz:profile: C:\Users\OJO\AppData\Local\..., moz:useNonSpecCompliantPointerOrigin: false, moz:webdriverClick: true, pageLoadStrategy: normal, platform: XP, platformName: XP, platformVersion: 6.1, rotatable: false, timeouts: {implicit: 0, pageLoad: 300000, script: 30000}}
Session ID: b4b2c297-d85c-46bd-9e50-e4e1cb1e3972
*** Element info: {Using=xpath, value=/html/body/div[2]/main/div/div/div/div[2]/div/div[1]/h2}
	at TestRunner.feature(TestRunner.java:29)
Caused by: org.openqa.selenium.NoSuchElementException: 
Unable to locate element: /html/body/div[2]/main/div/div/div/div[2]/div/div[1]/h2
For documentation on this error, please visit: http://seleniumhq.org/exceptions/no_such_element.html
Build info: version: '3.11.0', revision: 'e59cfb3', time: '2018-03-11T20:26:55.152Z'
System info: host: 'OJO-PC', ip: '192.168.43.249', os.name: 'Windows 7', os.arch: 'amd64', os.version: '6.1', java.version: '1.8.0_171'
Driver info: org.openqa.selenium.firefox.FirefoxDriver
Capabilities {acceptInsecureCerts: true, browserName: firefox, browserVersion: 61.0.1, javascriptEnabled: true, moz:accessibilityChecks: false, moz:headless: false, moz:processID: 6544, moz:profile: C:\Users\OJO\AppData\Local\..., moz:useNonSpecCompliantPointerOrigin: false, moz:webdriverClick: true, pageLoadStrategy: normal, platform: XP, platformName: XP, platformVersion: 6.1, rotatable: false, timeouts: {implicit: 0, pageLoad: 300000, script: 30000}}
Session ID: b4b2c297-d85c-46bd-9e50-e4e1cb1e3972
*** Element info: {Using=xpath, value=/html/body/div[2]/main/div/div/div/div[2]/div/div[1]/h2}
</failure>
    <system-out><![CDATA[Feature: Book Absence
  As a user I want to Log into BrightHR WebApp
  I want to Book an Absence for myself

  Background: Successful login                                         &amp#27;[90m# loginpage.feature:7&amp#27;[0m
    &amp#27;[32mGiven &amp#27;[0m&amp#27;[32mI navigate to BrightHR webApp URL "&amp#27;[0m&amp#27;[32m&amp#27;[1mhttps://app.brighthr.com&amp#27;[0m&amp#27;[32m"&amp#27;[0m &amp#27;[90m# loginpage.i_navigate_to_BrightHR_webApp_URL(String)&amp#27;[0m
    &amp#27;[32mWhen &amp#27;[0m&amp#27;[32mI fill the username with "&amp#27;[0m&amp#27;[32m&amp#27;[1moluseyi.ojo&amp#27;[0m&amp#27;[32m"&amp#27;[0m                        &amp#27;[90m# loginpage.i_fill_the_username_with(String)&amp#27;[0m
    &amp#27;[32mAnd &amp#27;[0m&amp#27;[32mI fill the password with "&amp#27;[0m&amp#27;[32m&amp#27;[1m123456&amp#27;[0m&amp#27;[32m"&amp#27;[0m                              &amp#27;[90m# loginpage.i_fill_the_password_with(String)&amp#27;[0m
    &amp#27;[32mAnd &amp#27;[0m&amp#27;[32mI click on the "&amp#27;[0m&amp#27;[32m&amp#27;[1mlog me in&amp#27;[0m&amp#27;[32m" button&amp#27;[0m                              &amp#27;[90m# loginpage.i_click_on_the_button(String)&amp#27;[0m
    &amp#27;[31mAnd &amp#27;[0m&amp#27;[31mI am on the my profile page&amp#27;[0m                                    &amp#27;[90m# loginpage.iAmOnTheMyProfilePage()&amp#27;[0m
      &amp#27;[31morg.openqa.selenium.NoSuchElementException: Unable to locate element: /html/body/div[2]/main/div/div/div/div[2]/div/div[1]/h2
      For documentation on this error, please visit: http://seleniumhq.org/exceptions/no_such_element.html
      Build info: version: '3.11.0', revision: 'e59cfb3', time: '2018-03-11T20:26:55.152Z'
      System info: host: 'OJO-PC', ip: '192.168.43.249', os.name: 'Windows 7', os.arch: 'amd64', os.version: '6.1', java.version: '1.8.0_171'
      Driver info: org.openqa.selenium.firefox.FirefoxDriver
      Capabilities {acceptInsecureCerts: true, browserName: firefox, browserVersion: 61.0.1, javascriptEnabled: true, moz:accessibilityChecks: false, moz:headless: false, moz:processID: 6544, moz:profile: C:\Users\OJO\AppData\Local\..., moz:useNonSpecCompliantPointerOrigin: false, moz:webdriverClick: true, pageLoadStrategy: normal, platform: XP, platformName: XP, platformVersion: 6.1, rotatable: false, timeouts: {implicit: 0, pageLoad: 300000, script: 30000}}
      Session ID: b4b2c297-d85c-46bd-9e50-e4e1cb1e3972
      *** Element info: {Using=xpath, value=/html/body/div[2]/main/div/div/div/div[2]/div/div[1]/h2}
      	at sun.reflect.NativeConstructorAccessorImpl.newInstance0(Native Method)
      	at sun.reflect.NativeConstructorAccessorImpl.newInstance(NativeConstructorAccessorImpl.java:62)
      	at sun.reflect.DelegatingConstructorAccessorImpl.newInstance(DelegatingConstructorAccessorImpl.java:45)
      	at java.lang.reflect.Constructor.newInstance(Constructor.java:423)
      	at org.openqa.selenium.remote.http.W3CHttpResponseCodec.createException(W3CHttpResponseCodec.java:187)
      	at org.openqa.selenium.remote.http.W3CHttpResponseCodec.decode(W3CHttpResponseCodec.java:122)
      	at org.openqa.selenium.remote.http.W3CHttpResponseCodec.decode(W3CHttpResponseCodec.java:49)
      	at org.openqa.selenium.remote.HttpCommandExecutor.execute(HttpCommandExecutor.java:158)
      	at org.openqa.selenium.remote.service.DriverCommandExecutor.execute(DriverCommandExecutor.java:83)
      	at org.openqa.selenium.remote.RemoteWebDriver.execute(RemoteWebDriver.java:545)
      	at org.openqa.selenium.remote.RemoteWebDriver.findElement(RemoteWebDriver.java:319)
      	at org.openqa.selenium.remote.RemoteWebDriver.findElementByXPath(RemoteWebDriver.java:421)
      	at org.openqa.selenium.By$ByXPath.findElement(By.java:361)
      	at org.openqa.selenium.remote.RemoteWebDriver.findElement(RemoteWebDriver.java:311)
      	at stepdefs.loginpage.iAmOnTheMyProfilePage(loginpage.java:47)
      	at ?.And I am on the my profile page(loginpage.feature:12)
      &amp#27;[0m

  Scenario: absence request                                &amp#27;[90m# loginpage.feature:16&amp#27;[0m
    &amp#27;[36mWhen &amp#27;[0m&amp#27;[36mI click the "&amp#27;[0m&amp#27;[36m&amp#27;[1mrequest time off&amp#27;[0m&amp#27;[36m" button&amp#27;[0m             &amp#27;[90m# loginpage.i_click_the_button(String)&amp#27;[0m
    &amp#27;[36mAnd &amp#27;[0m&amp#27;[36mI select "&amp#27;[0m&amp#27;[36m&amp#27;[1mAnnual leave&amp#27;[0m&amp#27;[36m" from the absence button&amp#27;[0m    &amp#27;[90m# loginpage.i_select_from_the_absence_button(String)&amp#27;[0m
    &amp#27;[36mAnd &amp#27;[0m&amp#27;[36mI select the start date and time&amp#27;[0m                   &amp#27;[90m# loginpage.i_select_the_start_date_and_time()&amp#27;[0m
    &amp#27;[36mAnd &amp#27;[0m&amp#27;[36mI select the end date and time&amp#27;[0m                     &amp#27;[90m# loginpage.i_select_the_end_date_and_time()&amp#27;[0m
    &amp#27;[36mAnd &amp#27;[0m&amp#27;[36mI input the reason for absence&amp#27;[0m                     &amp#27;[90m# loginpage.i_input_the_reason_for_absence()&amp#27;[0m
    &amp#27;[36mAnd &amp#27;[0m&amp#27;[36mI click the "&amp#27;[0m&amp#27;[36m&amp#27;[1mAdd absence&amp#27;[0m&amp#27;[36m" button&amp#27;[0m                   &amp#27;[90m# loginpage.i_click_the_button(String)&amp#27;[0m
    &amp#27;[36mThen &amp#27;[0m&amp#27;[36mI should see the message "&amp#27;[0m&amp#27;[36m&amp#27;[1mAnnual Leave requested&amp#27;[0m&amp#27;[36m"&amp#27;[0m &amp#27;[90m# loginpage.i_should_see_the_message(String)&amp#27;[0m
]]></system-out>
    <system-err><![CDATA[1532276888027	geckodriver	INFO	geckodriver 0.21.0
1532276888058	geckodriver	INFO	Listening on 127.0.0.1:18036
1532276889212	mozrunner::runner	INFO	Running command: "C:\\Program Files\\Mozilla Firefox\\firefox.exe" "-marionette" "-foreground" "-no-remote" "-profile" "C:\\Users\\OJO\\AppData\\Local\\Temp\\rust_mozprofile.eIfnZKJjx1Y7"
1532276900229	Marionette	INFO	Listening on port 52612
1532276900741	Marionette	WARN	TLS certificate errors will be ignored for this session
Jul 22, 2018 5:28:21 PM org.openqa.selenium.remote.ProtocolHandshake createSession
INFO: Detected dialect: W3C
]]></system-err>
  </testcase>
</testsuite>