<?xml version="1.0" encoding="UTF-8"?>
<testsuite xmlns:xsi="http://www.w3.org/2001/XMLSchema-instance" xsi:noNamespaceSchemaLocation="https://maven.apache.org/surefire/maven-surefire-plugin/xsd/surefire-test-report.xsd" name="TestSuite" time="2.754" tests="1" errors="0" skipped="0" failures="1">
  <properties>
[...]
</properties>
  <testcase name="feature" classname="TestRunner" time="0.306">
    <failure message="java.lang.NullPointerException" type="cucumber.runtime.CucumberException">cucumber.runtime.CucumberException: java.lang.NullPointerException
	at TestRunner.feature(TestRunner.java:29)
Caused by: java.lang.NullPointerException
</failure>
    <system-out><![CDATA[Feature: Book Absence
  As a user I want to Log into BrightHR WebApp
  I want to Book an Absence for myself

  Background: Successful login                   &amp#27;[90m# loginpage.feature:7&amp#27;[0m
    &amp#27;[31mGiven &amp#27;[0m&amp#27;[31mI fill the username with "&amp#27;[0m&amp#27;[31m&amp#27;[1moluseyi.ojo&amp#27;[0m&amp#27;[31m"&amp#27;[0m &amp#27;[90m# loginpage.i_fill_the_username_with(String)&amp#27;[0m
      &amp#27;[31mjava.lang.NullPointerException
      	at stepdefs.loginpage.i_fill_the_username_with(loginpage.java:24)
      	at ?.Given I fill the username with "oluseyi.ojo"(loginpage.feature:8)
      &amp#27;[0m
    &amp#27;[36mWhen &amp#27;[0m&amp#27;[36mI fill the password with "&amp#27;[0m&amp#27;[36m&amp#27;[1m123456&amp#27;[0m&amp#27;[36m"&amp#27;[0m       &amp#27;[90m# loginpage.i_fill_the_password_with(String)&amp#27;[0m
    &amp#27;[36mAnd &amp#27;[0m&amp#27;[36mI click on the "&amp#27;[0m&amp#27;[36m&amp#27;[1mlog me in&amp#27;[0m&amp#27;[36m" button&amp#27;[0m        &amp#27;[90m# loginpage.i_click_on_the_button(String)&amp#27;[0m
    &amp#27;[36mThen &amp#27;[0m&amp#27;[36mI verify that I am on my profile page&amp#27;[0m   &amp#27;[90m# loginpage.iVerifyThatIAmOnMyProfilePage()&amp#27;[0m

  Scenario: absence request                                &amp#27;[90m# loginpage.feature:15&amp#27;[0m
    &amp#27;[36mWhen &amp#27;[0m&amp#27;[36mI click the "&amp#27;[0m&amp#27;[36m&amp#27;[1mrequest time off&amp#27;[0m&amp#27;[36m" button&amp#27;[0m             &amp#27;[90m# loginpage.i_click_the_button(String)&amp#27;[0m
    &amp#27;[36mAnd &amp#27;[0m&amp#27;[36mI select "&amp#27;[0m&amp#27;[36m&amp#27;[1mAnnual leave&amp#27;[0m&amp#27;[36m" from the absence button&amp#27;[0m    &amp#27;[90m# loginpage.i_select_from_the_absence_button(String)&amp#27;[0m
    &amp#27;[36mAnd &amp#27;[0m&amp#27;[36mI select the start date and time&amp#27;[0m                   &amp#27;[90m# loginpage.i_select_the_start_date_and_time()&amp#27;[0m
    &amp#27;[36mAnd &amp#27;[0m&amp#27;[36mI select the end date and time&amp#27;[0m                     &amp#27;[90m# loginpage.i_select_the_end_date_and_time()&amp#27;[0m
    &amp#27;[36mAnd &amp#27;[0m&amp#27;[36mI input the reason for absence&amp#27;[0m                     &amp#27;[90m# loginpage.i_input_the_reason_for_absence()&amp#27;[0m
    &amp#27;[36mAnd &amp#27;[0m&amp#27;[36mI click the "&amp#27;[0m&amp#27;[36m&amp#27;[1mAdd absence&amp#27;[0m&amp#27;[36m" button&amp#27;[0m                   &amp#27;[90m# loginpage.i_click_the_button(String)&amp#27;[0m
    &amp#27;[36mThen &amp#27;[0m&amp#27;[36mI should see the message "&amp#27;[0m&amp#27;[36m&amp#27;[1mAnnual Leave requested&amp#27;[0m&amp#27;[36m"&amp#27;[0m &amp#27;[90m# loginpage.i_should_see_the_message(String)&amp#27;[0m
]]></system-out>
  </testcase>
</testsuite>