-------------------------------------------------------------------------------
Test set: TestSuite
-------------------------------------------------------------------------------
Tests run: 1, Failures: 1, Errors: 0, Skipped: 0, Time elapsed: 24.666 s <<< FAILURE! - in TestSuite
feature(TestRunner)  Time elapsed: 22.588 s  <<< FAILURE!
cucumber.runtime.CucumberException: java.lang.AssertionError: expected [https://app.brighthr.com/dashboard] but found [https://app.brighthr.com/login]
	at TestRunner.feature(TestRunner.java:29)
Caused by: java.lang.AssertionError: expected [https://app.brighthr.com/dashboard] but found [https://app.brighthr.com/login]

