<?xml version="1.0" encoding="UTF-8"?>
<!-- Generated by org.testng.reporters.JUnitXMLReporter -->
<testsuite hostname="OJO-PC" ignored="0" tests="1" failures="1" timestamp="25 Jul 2018 00:14:51 GMT" time="1.522" errors="0">
  <testcase name="feature" time="0.291" classname="TestRunner">
    <failure type="cucumber.runtime.CucumberException" message="java.lang.NullPointerException">
      <![CDATA[cucumber.runtime.CucumberException: java.lang.NullPointerException
at cucumber.api.testng.TestNGCucumberRunner.runCucumber(TestNGCucumberRunner.java:69)
at TestRunner.feature(TestRunner.java:29)
at java.util.concurrent.FutureTask.run(FutureTask.java:266)
at java.util.concurrent.ThreadPoolExecutor.runWorker(ThreadPoolExecutor.java:1149)
at java.util.concurrent.ThreadPoolExecutor$Worker.run(ThreadPoolExecutor.java:624)
at java.lang.Thread.run(Thread.java:748)
Caused by: java.lang.NullPointerException
at stepdefs.loginpage.i_fill_the_username_with(loginpage.java:24)
at ✽.Given I fill the username with "oluseyi.ojo"(loginpage.feature:8)
... Removed 16 stack frames]]>
    </failure>
  </testcase> <!-- feature -->
</testsuite>
